-------------------------------------------------------------------------------
Test set: org.cryptomator.ui.recoverykey.WordEncoderTest
-------------------------------------------------------------------------------
Tests run: 30, Failures: 0, Errors: 0, Skipped: 0, Time elapsed: 0.056 s -- in org.cryptomator.ui.recoverykey.WordEncoderTest
org.cryptomator.ui.recoverykey.WordEncoderTest.encodeAndDecode(byte[])[1] -- Time elapsed: 0.010 s
org.cryptomator.ui.recoverykey.WordEncoderTest.encodeAndDecode(byte[])[2] -- Time elapsed: 0.001 s
org.cryptomator.ui.recoverykey.WordEncoderTest.encodeAndDecode(byte[])[3] -- Time elapsed: 0.001 s
org.cryptomator.ui.recoverykey.WordEncoderTest.encodeAndDecode(byte[])[4] -- Time elapsed: 0.001 s
org.cryptomator.ui.recoverykey.WordEncoderTest.encodeAndDecode(byte[])[5] -- Time elapsed: 0 s
org.cryptomator.ui.recoverykey.WordEncoderTest.encodeAndDecode(byte[])[6] -- Time elapsed: 0.001 s
org.cryptomator.ui.recoverykey.WordEncoderTest.encodeAndDecode(byte[])[7] -- Time elapsed: 0.001 s
org.cryptomator.ui.recoverykey.WordEncoderTest.encodeAndDecode(byte[])[8] -- Time elapsed: 0.001 s
org.cryptomator.ui.recoverykey.WordEncoderTest.encodeAndDecode(byte[])[9] -- Time elapsed: 0.001 s
org.cryptomator.ui.recoverykey.WordEncoderTest.encodeAndDecode(byte[])[10] -- Time elapsed: 0.001 s
org.cryptomator.ui.recoverykey.WordEncoderTest.encodeAndDecode(byte[])[11] -- Time elapsed: 0 s
org.cryptomator.ui.recoverykey.WordEncoderTest.encodeAndDecode(byte[])[12] -- Time elapsed: 0 s
org.cryptomator.ui.recoverykey.WordEncoderTest.encodeAndDecode(byte[])[13] -- Time elapsed: 0 s
org.cryptomator.ui.recoverykey.WordEncoderTest.encodeAndDecode(byte[])[14] -- Time elapsed: 0 s
org.cryptomator.ui.recoverykey.WordEncoderTest.encodeAndDecode(byte[])[15] -- Time elapsed: 0 s
org.cryptomator.ui.recoverykey.WordEncoderTest.encodeAndDecode(byte[])[16] -- Time elapsed: 0.001 s
org.cryptomator.ui.recoverykey.WordEncoderTest.encodeAndDecode(byte[])[17] -- Time elapsed: 0 s
org.cryptomator.ui.recoverykey.WordEncoderTest.encodeAndDecode(byte[])[18] -- Time elapsed: 0 s
org.cryptomator.ui.recoverykey.WordEncoderTest.encodeAndDecode(byte[])[19] -- Time elapsed: 0.001 s
org.cryptomator.ui.recoverykey.WordEncoderTest.encodeAndDecode(byte[])[20] -- Time elapsed: 0 s
org.cryptomator.ui.recoverykey.WordEncoderTest.encodeAndDecode(byte[])[21] -- Time elapsed: 0 s
org.cryptomator.ui.recoverykey.WordEncoderTest.encodeAndDecode(byte[])[22] -- Time elapsed: 0 s
org.cryptomator.ui.recoverykey.WordEncoderTest.encodeAndDecode(byte[])[23] -- Time elapsed: 0.001 s
org.cryptomator.ui.recoverykey.WordEncoderTest.encodeAndDecode(byte[])[24] -- Time elapsed: 0 s
org.cryptomator.ui.recoverykey.WordEncoderTest.encodeAndDecode(byte[])[25] -- Time elapsed: 0 s
org.cryptomator.ui.recoverykey.WordEncoderTest.encodeAndDecode(byte[])[26] -- Time elapsed: 0 s
org.cryptomator.ui.recoverykey.WordEncoderTest.encodeAndDecode(byte[])[27] -- Time elapsed: 0.001 s
org.cryptomator.ui.recoverykey.WordEncoderTest.encodeAndDecode(byte[])[28] -- Time elapsed: 0 s
org.cryptomator.ui.recoverykey.WordEncoderTest.encodeAndDecode(byte[])[29] -- Time elapsed: 0 s
org.cryptomator.ui.recoverykey.WordEncoderTest.encodeAndDecode(byte[])[30] -- Time elapsed: 0 s
