-------------------------------------------------------------------------------
Test set: org.cryptomator.common.ErrorCodeTest$SameExceptionDifferentCallStack
-------------------------------------------------------------------------------
Tests run: 16, Failures: 0, Errors: 0, Skipped: 0, Time elapsed: 0.004 s -- in org.cryptomator.common.ErrorCodeTest$SameExceptionDifferentCallStack
org.cryptomator.common.ErrorCodeTest.commonSuffixLength1(Integer[], Integer[], int)[1] -- Time elapsed: 0.003 s
org.cryptomator.common.ErrorCodeTest.commonSuffixLength1(Integer[], Integer[], int)[2] -- Time elapsed: 0.001 s
org.cryptomator.common.ErrorCodeTest.commonSuffixLength1(Integer[], Integer[], int)[3] -- Time elapsed: 0 s
org.cryptomator.common.ErrorCodeTest.commonSuffixLength1(Integer[], Integer[], int)[4] -- Time elapsed: 0 s
org.cryptomator.common.ErrorCodeTest.commonSuffixLength1(Integer[], Integer[], int)[5] -- Time elapsed: 0.001 s
org.cryptomator.common.ErrorCodeTest.commonSuffixLength2(Integer[], Integer[])[1] -- Time elapsed: 0 s
org.cryptomator.common.ErrorCodeTest.commonSuffixLength2(Integer[], Integer[])[2] -- Time elapsed: 0.001 s
org.cryptomator.common.ErrorCodeTest.testErrorCodeSegments -- Time elapsed: 0.020 s
org.cryptomator.common.ErrorCodeTest.testDeterministicErrorCode -- Time elapsed: 0.001 s
org.cryptomator.common.ErrorCodeTest.testCountTopmostFrames1 -- Time elapsed: 0.001 s
org.cryptomator.common.ErrorCodeTest.testCountTopmostFrames2 -- Time elapsed: 0 s
org.cryptomator.common.ErrorCodeTest.testCountUniqueFrames3 -- Time elapsed: 0 s
org.cryptomator.common.ErrorCodeTest$SameExceptionDifferentCallStack.testSameRootCauseCodes -- Time elapsed: 0.001 s
org.cryptomator.common.ErrorCodeTest$SameExceptionDifferentCallStack.testSameMethodCodes -- Time elapsed: 0.001 s
org.cryptomator.common.ErrorCodeTest$SameExceptionDifferentCallStack.testDifferentCodes -- Time elapsed: 0.001 s
org.cryptomator.common.ErrorCodeTest$SameExceptionDifferentCallStack.testDifferentThrowableCodes -- Time elapsed: 0.001 s
