-------------------------------------------------------------------------------
Test set: org.cryptomator.ui.changepassword.PasswordStrengthUtilTest
-------------------------------------------------------------------------------
Tests run: 2, Failures: 0, Errors: 0, Skipped: 0, Time elapsed: 0.197 s -- in org.cryptomator.ui.changepassword.PasswordStrengthUtilTest
org.cryptomator.ui.changepassword.PasswordStrengthUtilTest.testLongPasswords -- Time elapsed: 0.131 s
org.cryptomator.ui.changepassword.PasswordStrengthUtilTest.testIssue979 -- Time elapsed: 0.066 s
