-------------------------------------------------------------------------------
Test set: org.cryptomator.ui.controls.SecurePasswordFieldTest$TextChange
-------------------------------------------------------------------------------
Tests run: 12, Failures: 0, Errors: 0, Skipped: 0, Time elapsed: 0.005 s -- in org.cryptomator.ui.controls.SecurePasswordFieldTest$TextChange
org.cryptomator.ui.controls.SecurePasswordFieldTest.testControlCharacters -- Time elapsed: 0.002 s
org.cryptomator.ui.controls.SecurePasswordFieldTest.testSwipe -- Time elapsed: 0.001 s
org.cryptomator.ui.controls.SecurePasswordFieldTest.enterNfcString -- Time elapsed: 0 s
org.cryptomator.ui.controls.SecurePasswordFieldTest.enterNfdString -- Time elapsed: 0 s
org.cryptomator.ui.controls.SecurePasswordFieldTest$TextChange.append -- Time elapsed: 0 s
org.cryptomator.ui.controls.SecurePasswordFieldTest$TextChange.replace1 -- Time elapsed: 0 s
org.cryptomator.ui.controls.SecurePasswordFieldTest$TextChange.replace2 -- Time elapsed: 0.001 s
org.cryptomator.ui.controls.SecurePasswordFieldTest$TextChange.replace3 -- Time elapsed: 0 s
org.cryptomator.ui.controls.SecurePasswordFieldTest$TextChange.delete1 -- Time elapsed: 0 s
org.cryptomator.ui.controls.SecurePasswordFieldTest$TextChange.delete2 -- Time elapsed: 0 s
org.cryptomator.ui.controls.SecurePasswordFieldTest$TextChange.insert1 -- Time elapsed: 0 s
org.cryptomator.ui.controls.SecurePasswordFieldTest$TextChange.insert2 -- Time elapsed: 0 s
