-------------------------------------------------------------------------------
Test set: org.cryptomator.common.SubstitutingPropertiesTest$GetProperty
-------------------------------------------------------------------------------
Tests run: 16, Failures: 0, Errors: 0, Skipped: 0, Time elapsed: 0.042 s -- in org.cryptomator.common.SubstitutingPropertiesTest$GetProperty
org.cryptomator.common.SubstitutingPropertiesTest.testEndToEndEnvSource(String, String, String)[1] -- Time elapsed: 0.098 s
org.cryptomator.common.SubstitutingPropertiesTest.testEndToEndEnvSource(String, String, String)[2] -- Time elapsed: 0.001 s
org.cryptomator.common.SubstitutingPropertiesTest.testEndToEndEnvSource(String, String, String)[3] -- Time elapsed: 0.001 s
org.cryptomator.common.SubstitutingPropertiesTest.testEndToEndEnvSource(String, String, String)[4] -- Time elapsed: 0 s
org.cryptomator.common.SubstitutingPropertiesTest.testEndToEndEnvSource(String, String, String)[5] -- Time elapsed: 0.001 s
org.cryptomator.common.SubstitutingPropertiesTest.testEndToEndPropsSource(String, String, String)[1] -- Time elapsed: 0.001 s
org.cryptomator.common.SubstitutingPropertiesTest.testEndToEndPropsSource(String, String, String)[2] -- Time elapsed: 0.001 s
org.cryptomator.common.SubstitutingPropertiesTest.testEndToEndPropsSource(String, String, String)[3] -- Time elapsed: 0 s
org.cryptomator.common.SubstitutingPropertiesTest.testEndToEndPropsSource(String, String, String)[4] -- Time elapsed: 0 s
org.cryptomator.common.SubstitutingPropertiesTest$GetProperty.testNoProcessingOnNotCryptomator(String)[1] -- Time elapsed: 0.038 s
org.cryptomator.common.SubstitutingPropertiesTest$GetProperty.testNoProcessingOnNotCryptomator(String)[2] -- Time elapsed: 0 s
org.cryptomator.common.SubstitutingPropertiesTest$GetProperty.testNoProcessingOnNotCryptomator(String)[3] -- Time elapsed: 0 s
org.cryptomator.common.SubstitutingPropertiesTest$GetProperty.testNoProcessingOnNotCryptomator(String)[4] -- Time elapsed: 0.001 s
org.cryptomator.common.SubstitutingPropertiesTest$GetProperty.testNoProcessingOnNull -- Time elapsed: 0 s
org.cryptomator.common.SubstitutingPropertiesTest$GetProperty.testProcessing -- Time elapsed: 0.001 s
org.cryptomator.common.SubstitutingPropertiesTest$GetProperty.testNoProcessingDefault -- Time elapsed: 0.001 s
