-------------------------------------------------------------------------------
Test set: org.cryptomator.ui.recoverykey.AutoCompleterTest$NarrowedDownDict
-------------------------------------------------------------------------------
Tests run: 13, Failures: 0, Errors: 0, Skipped: 0, Time elapsed: 0.012 s -- in org.cryptomator.ui.recoverykey.AutoCompleterTest$NarrowedDownDict
org.cryptomator.ui.recoverykey.AutoCompleterTest.testNoMatchForEmptyString -- Time elapsed: 0.002 s
org.cryptomator.ui.recoverykey.AutoCompleterTest.testNoMatchInEmptyDict -- Time elapsed: 0 s
org.cryptomator.ui.recoverykey.AutoCompleterTest$NarrowedDownDict.testDontFindTeachers -- Time elapsed: 0 s
org.cryptomator.ui.recoverykey.AutoCompleterTest$NarrowedDownDict.testFindTeacher(String)[1] -- Time elapsed: 0 s
org.cryptomator.ui.recoverykey.AutoCompleterTest$NarrowedDownDict.testFindTeacher(String)[2] -- Time elapsed: 0 s
org.cryptomator.ui.recoverykey.AutoCompleterTest$NarrowedDownDict.testFindTame(String)[1] -- Time elapsed: 0 s
org.cryptomator.ui.recoverykey.AutoCompleterTest$NarrowedDownDict.testFindTame(String)[2] -- Time elapsed: 0 s
org.cryptomator.ui.recoverykey.AutoCompleterTest$NarrowedDownDict.testFindTame(String)[3] -- Time elapsed: 0 s
org.cryptomator.ui.recoverykey.AutoCompleterTest$NarrowedDownDict.testFindTame(String)[4] -- Time elapsed: 0.001 s
org.cryptomator.ui.recoverykey.AutoCompleterTest$NarrowedDownDict.testFindTeach(String)[1] -- Time elapsed: 0 s
org.cryptomator.ui.recoverykey.AutoCompleterTest$NarrowedDownDict.testFindTeach(String)[2] -- Time elapsed: 0.001 s
org.cryptomator.ui.recoverykey.AutoCompleterTest$NarrowedDownDict.testFindTeach(String)[3] -- Time elapsed: 0 s
org.cryptomator.ui.recoverykey.AutoCompleterTest$NarrowedDownDict.testFindTeach(String)[4] -- Time elapsed: 0 s
