-------------------------------------------------------------------------------
Test set: org.cryptomator.ui.convertvault.HubToPasswordConvertControllerTest$ConvertInternalTests
-------------------------------------------------------------------------------
Tests run: 6, Failures: 0, Errors: 0, Skipped: 0, Time elapsed: 0.109 s -- in org.cryptomator.ui.convertvault.HubToPasswordConvertControllerTest$ConvertInternalTests
org.cryptomator.ui.convertvault.HubToPasswordConvertControllerTest.testBackupHubConfig -- Time elapsed: 1.669 s
org.cryptomator.ui.convertvault.HubToPasswordConvertControllerTest.integrationTestCreatePasswordConfig(Path) -- Time elapsed: 1.420 s
org.cryptomator.ui.convertvault.HubToPasswordConvertControllerTest$ConvertInternalTests.testConvertInternal -- Time elapsed: 0.035 s
org.cryptomator.ui.convertvault.HubToPasswordConvertControllerTest$ConvertInternalTests.testConvertInternalWrapsCryptoException -- Time elapsed: 0.009 s
org.cryptomator.ui.convertvault.HubToPasswordConvertControllerTest$ConvertInternalTests.testConvertInternalNotWrapsIAE -- Time elapsed: 0.004 s
org.cryptomator.ui.convertvault.HubToPasswordConvertControllerTest$ConvertInternalTests.testConvertInternalWrapsIOException -- Time elapsed: 0.037 s
