-------------------------------------------------------------------------------
Test set: org.cryptomator.common.PassphraseTest$InstanceMethods
-------------------------------------------------------------------------------
Tests run: 33, Failures: 0, Errors: 0, Skipped: 0, Time elapsed: 0.013 s -- in org.cryptomator.common.PassphraseTest$InstanceMethods
org.cryptomator.common.PassphraseTest.testInvalidConstructorArgs(int, int)[1] -- Time elapsed: 0.005 s
org.cryptomator.common.PassphraseTest.testInvalidConstructorArgs(int, int)[2] -- Time elapsed: 0 s
org.cryptomator.common.PassphraseTest.testInvalidConstructorArgs(int, int)[3] -- Time elapsed: 0.001 s
org.cryptomator.common.PassphraseTest.testInvalidConstructorArgs(int, int)[4] -- Time elapsed: 0 s
org.cryptomator.common.PassphraseTest.testInvalidConstructorArgs(int, int)[5] -- Time elapsed: 0.001 s
org.cryptomator.common.PassphraseTest.testValidConstructorArgs(int, int)[1] -- Time elapsed: 0.001 s
org.cryptomator.common.PassphraseTest.testValidConstructorArgs(int, int)[2] -- Time elapsed: 0 s
org.cryptomator.common.PassphraseTest.testValidConstructorArgs(int, int)[3] -- Time elapsed: 0 s
org.cryptomator.common.PassphraseTest.testValidConstructorArgs(int, int)[4] -- Time elapsed: 0 s
org.cryptomator.common.PassphraseTest.testValidConstructorArgs(int, int)[5] -- Time elapsed: 0.001 s
org.cryptomator.common.PassphraseTest$InstanceMethods.testToString -- Time elapsed: 0 s
org.cryptomator.common.PassphraseTest$InstanceMethods.testValidSubSequence(int, int)[1] -- Time elapsed: 0 s
org.cryptomator.common.PassphraseTest$InstanceMethods.testValidSubSequence(int, int)[2] -- Time elapsed: 0 s
org.cryptomator.common.PassphraseTest$InstanceMethods.testValidSubSequence(int, int)[3] -- Time elapsed: 0 s
org.cryptomator.common.PassphraseTest$InstanceMethods.testValidSubSequence(int, int)[4] -- Time elapsed: 0 s
org.cryptomator.common.PassphraseTest$InstanceMethods.testValidSubSequence(int, int)[5] -- Time elapsed: 0 s
org.cryptomator.common.PassphraseTest$InstanceMethods.testInvalidSubSequence(int, int)[1] -- Time elapsed: 0.001 s
org.cryptomator.common.PassphraseTest$InstanceMethods.testInvalidSubSequence(int, int)[2] -- Time elapsed: 0 s
org.cryptomator.common.PassphraseTest$InstanceMethods.testInvalidSubSequence(int, int)[3] -- Time elapsed: 0 s
org.cryptomator.common.PassphraseTest$InstanceMethods.testInvalidSubSequence(int, int)[4] -- Time elapsed: 0 s
org.cryptomator.common.PassphraseTest$InstanceMethods.testInvalidSubSequence(int, int)[5] -- Time elapsed: 0 s
org.cryptomator.common.PassphraseTest$InstanceMethods.testInvalidCharAt(int)[1] -- Time elapsed: 0 s
org.cryptomator.common.PassphraseTest$InstanceMethods.testInvalidCharAt(int)[2] -- Time elapsed: 0 s
org.cryptomator.common.PassphraseTest$InstanceMethods.testInvalidCharAt(int)[3] -- Time elapsed: 0 s
org.cryptomator.common.PassphraseTest$InstanceMethods.testHashcode -- Time elapsed: 0 s
org.cryptomator.common.PassphraseTest$InstanceMethods.testDestroy -- Time elapsed: 0 s
org.cryptomator.common.PassphraseTest$InstanceMethods.testCharAt -- Time elapsed: 0 s
org.cryptomator.common.PassphraseTest$InstanceMethods.testEquals -- Time elapsed: 0.001 s
org.cryptomator.common.PassphraseTest$InstanceMethods.testValidCharAt(int)[1] -- Time elapsed: 0 s
org.cryptomator.common.PassphraseTest$InstanceMethods.testValidCharAt(int)[2] -- Time elapsed: 0 s
org.cryptomator.common.PassphraseTest$InstanceMethods.testValidCharAt(int)[3] -- Time elapsed: 0 s
org.cryptomator.common.PassphraseTest$InstanceMethods.testValidCharAt(int)[4] -- Time elapsed: 0 s
org.cryptomator.common.PassphraseTest$InstanceMethods.testLength -- Time elapsed: 0 s
