-------------------------------------------------------------------------------
Test set: org.cryptomator.launcher.FileOpenRequestHandlerTest
-------------------------------------------------------------------------------
Tests run: 3, Failures: 0, Errors: 0, Skipped: 0, Time elapsed: 0.059 s -- in org.cryptomator.launcher.FileOpenRequestHandlerTest
org.cryptomator.launcher.FileOpenRequestHandlerTest.testOpenArgsWithIncorrectPaths -- Time elapsed: 0.056 s
org.cryptomator.launcher.FileOpenRequestHandlerTest.testOpenArgsWithFullQueue -- Time elapsed: 0.001 s
org.cryptomator.launcher.FileOpenRequestHandlerTest.testOpenArgsWithCorrectPaths -- Time elapsed: 0.001 s
