-------------------------------------------------------------------------------
Test set: org.cryptomator.common.ErrorCodeTest$DifferentExceptionWithSameRootCause
-------------------------------------------------------------------------------
Tests run: 4, Failures: 0, Errors: 0, Skipped: 0, Time elapsed: 0.024 s -- in org.cryptomator.common.ErrorCodeTest$DifferentExceptionWithSameRootCause
org.cryptomator.common.ErrorCodeTest$DifferentExceptionWithSameRootCause.testSameRootCauseCodes -- Time elapsed: 0.002 s
org.cryptomator.common.ErrorCodeTest$DifferentExceptionWithSameRootCause.testSameMethodCodes -- Time elapsed: 0.001 s
org.cryptomator.common.ErrorCodeTest$DifferentExceptionWithSameRootCause.testDifferentCodes -- Time elapsed: 0.002 s
org.cryptomator.common.ErrorCodeTest$DifferentExceptionWithSameRootCause.testDifferentThrowableCodes -- Time elapsed: 0.001 s
