-------------------------------------------------------------------------------
Test set: org.cryptomator.common.SemVerComparatorTest
-------------------------------------------------------------------------------
Tests run: 3, Failures: 0, Errors: 0, Skipped: 0, Time elapsed: 0.006 s -- in org.cryptomator.common.SemVerComparatorTest
org.cryptomator.common.SemVerComparatorTest.compareEqualVersions -- Time elapsed: 0 s
org.cryptomator.common.SemVerComparatorTest.compareLowerToHigherVersions -- Time elapsed: 0.004 s
org.cryptomator.common.SemVerComparatorTest.compareHigherToLowerVersions -- Time elapsed: 0.001 s
