<?xml version="1.0" encoding="UTF-8"?>
<testsuite xmlns:xsi="http://www.w3.org/2001/XMLSchema-instance" xsi:noNamespaceSchemaLocation="https://maven.apache.org/surefire/maven-surefire-plugin/xsd/surefire-test-report.xsd" version="3.0.2" name="org.cryptomator.ui.recoverykey.AutoCompleterTest$NarrowedDownDict" time="0.012" tests="13" errors="0" skipped="0" failures="0">
  <properties>
[...]
</properties>
  <testcase name="testNoMatchForEmptyString" classname="org.cryptomator.ui.recoverykey.AutoCompleterTest" time="0.002"/>
  <testcase name="testNoMatchInEmptyDict" classname="org.cryptomator.ui.recoverykey.AutoCompleterTest" time="0.0"/>
  <testcase name="testDontFindTeachers" classname="org.cryptomator.ui.recoverykey.AutoCompleterTest$NarrowedDownDict" time="0.0"/>
  <testcase name="testFindTeacher(String)[1]" classname="org.cryptomator.ui.recoverykey.AutoCompleterTest$NarrowedDownDict" time="0.0"/>
  <testcase name="testFindTeacher(String)[2]" classname="org.cryptomator.ui.recoverykey.AutoCompleterTest$NarrowedDownDict" time="0.0"/>
  <testcase name="testFindTame(String)[1]" classname="org.cryptomator.ui.recoverykey.AutoCompleterTest$NarrowedDownDict" time="0.0"/>
  <testcase name="testFindTame(String)[2]" classname="org.cryptomator.ui.recoverykey.AutoCompleterTest$NarrowedDownDict" time="0.0"/>
  <testcase name="testFindTame(String)[3]" classname="org.cryptomator.ui.recoverykey.AutoCompleterTest$NarrowedDownDict" time="0.0"/>
  <testcase name="testFindTame(String)[4]" classname="org.cryptomator.ui.recoverykey.AutoCompleterTest$NarrowedDownDict" time="0.001"/>
  <testcase name="testFindTeach(String)[1]" classname="org.cryptomator.ui.recoverykey.AutoCompleterTest$NarrowedDownDict" time="0.0"/>
  <testcase name="testFindTeach(String)[2]" classname="org.cryptomator.ui.recoverykey.AutoCompleterTest$NarrowedDownDict" time="0.001"/>
  <testcase name="testFindTeach(String)[3]" classname="org.cryptomator.ui.recoverykey.AutoCompleterTest$NarrowedDownDict" time="0.0"/>
  <testcase name="testFindTeach(String)[4]" classname="org.cryptomator.ui.recoverykey.AutoCompleterTest$NarrowedDownDict" time="0.0"/>
</testsuite>